2026-02-24 18:04:12 +0000 [MT] Initial pipeline context: <IDEDistributionProcessingPipelineContext: 0x90d404300; archive(resolved)="<IDEArchive: 0x90f60b410>", distributionTask(resolved)="2", distributionDestination(resolved)="1", distributionMethod(resolved)="<IDEDistributionMethodiOSAppStoreDistribution: 0x90d4987a0>", team(resolved)="<IDEProvisioningBasicTeam: 0x90d4f50c0; teamID='X26SC78YDG', teamName='(null)'>">
	Chain (15, self inclusive):
	<IDEDistributionProcessingPipelineContext: 0x90d404300; archive = "<IDEArchive: 0x90f60b410>", distributionMethod="<IDEDistributionMethodiOSAppStoreDistribution: 0x90d4987a0>", team="<IDEProvisioningBasicTeam: 0x90d4f50c0; teamID='X26SC78YDG', teamName='(null)'>">
	<IDEDistributionProcessingPipelineContext: 0x90e6afc00; archive = "<IDEArchive: 0x90f60b410>", distributionMethod="<IDEDistributionMethodiOSAppStoreDistribution: 0x90d4987a0>", team="<IDEProvisioningBasicTeam: 0x90d4f50c0; teamID='X26SC78YDG', teamName='(null)'>">
	<IDEDistributionContext: 0x90f6aea80; archive = "<IDEArchive: 0x90f60b410>", distributionMethod="<IDEDistributionMethodiOSAppStoreDistribution: 0x90d4987a0>", team="<IDEProvisioningBasicTeam: 0x90d4f50c0; teamID='X26SC78YDG', teamName='(null)'>">
	<IDEDistributionContext: 0x90f6ad900; archive = "<IDEArchive: 0x90f60b410>", distributionMethod="<IDEDistributionMethodiOSAppStoreDistribution: 0x90d4987a0>", team="<IDEProvisioningBasicTeam: 0x90d4f50c0; teamID='X26SC78YDG', teamName='(null)'>">
	<IDEDistributionContext: 0x90f6ad680; archive = "<IDEArchive: 0x90f60b410>", distributionMethod="<IDEDistributionMethodiOSAppStoreDistribution: 0x90d4987a0>", team="<IDEProvisioningBasicTeam: 0x90d4f50c0; teamID='X26SC78YDG', teamName='(null)'>">
	<IDEDistributionContext: 0x90f6ad400; archive = "<IDEArchive: 0x90f60b410>", distributionMethod="<IDEDistributionMethodiOSAppStoreDistribution: 0x90d4987a0>", team="<IDEProvisioningBasicTeam: 0x90d4f50c0; teamID='X26SC78YDG', teamName='(null)'>">
	<IDEDistributionContext: 0x90f6ad180; archive = "<IDEArchive: 0x90f60b410>", distributionMethod="<IDEDistributionMethodiOSAppStoreDistribution: 0x90d4987a0>", team="<IDEProvisioningBasicTeam: 0x90d4f50c0; teamID='X26SC78YDG', teamName='(null)'>">
	<IDEDistributionContext: 0x90f6acf00; archive = "<IDEArchive: 0x90f60b410>", distributionMethod="<IDEDistributionMethodiOSAppStoreDistribution: 0x90d4987a0>", team="<IDEProvisioningBasicTeam: 0x90d4f50c0; teamID='X26SC78YDG', teamName='(null)'>">
	<IDEDistributionContext: 0x90f6acc80; archive = "<IDEArchive: 0x90f60b410>", distributionMethod="<IDEDistributionMethodiOSAppStoreDistribution: 0x90d4987a0>", team="<IDEProvisioningBasicTeam: 0x90d4f50c0; teamID='X26SC78YDG', teamName='(null)'>">
	<IDEDistributionContext: 0x90f6aca00; archive = "<IDEArchive: 0x90f60b410>", distributionMethod="<IDEDistributionMethodiOSAppStoreDistribution: 0x90d4987a0>", team="<IDEProvisioningBasicTeam: 0x90d4f50c0; teamID='X26SC78YDG', teamName='(null)'>">
	<IDEDistributionContext: 0x90f6ac780; archive = "<IDEArchive: 0x90f60b410>", distributionMethod="<IDEDistributionMethodiOSAppStoreDistribution: 0x90d4987a0>", team="<IDEProvisioningBasicTeam: 0x90d4f50c0; teamID='X26SC78YDG', teamName='(null)'>">
	<IDEDistributionContext: 0x90f6ac500; archive = "<IDEArchive: 0x90f60b410>", distributionMethod="<IDEDistributionMethodiOSAppStoreDistribution: 0x90d4987a0>", team="<IDEProvisioningBasicTeam: 0x90d4f50c0; teamID='X26SC78YDG', teamName='(null)'>">
	<IDEDistributionContext: 0x90f6ac280; archive = "<IDEArchive: 0x90f60b410>", distributionMethod="<IDEDistributionMethodiOSAppStoreDistribution: 0x90d4987a0>", team="(null)">
	<IDEDistributionContext: 0x90f6ac000; archive = "<IDEArchive: 0x90f60b410>", distributionMethod="<IDEDistributionMethodiOSAppStoreDistribution: 0x90d4987a0>", team="(null)">
	<IDEDistributionContext: 0x1036926f0; archive = "<IDEArchive: 0x90f60b410>", distributionMethod="(null)", team="(null)">
</IDEDistributionProcessingPipelineContext: 0x90d404300>
2026-02-24 18:04:12 +0000 [MT] Processing step: IDEDistributionCreateDestRootStep
2026-02-24 18:04:12 +0000 [MT] Processing step: IDEDistributionCopyItemStep
2026-02-24 18:04:12 +0000 [MT] Running /usr/bin/ditto '-V' '/Users/fcttechnologies/Projects/VillainArc/build/VillainArc.xcarchive/Products/Applications/VillainArc.app' '/var/folders/r_/gcykv35n2dzchjwfbpgg3b_40000gn/T/XcodeDistPipeline.~~~VFLtrP/Root/Payload/VillainArc.app'
2026-02-24 18:04:12 +0000  >>> Copying /Users/fcttechnologies/Projects/VillainArc/build/VillainArc.xcarchive/Products/Applications/VillainArc.app 
2026-02-24 18:04:12 +0000  copying file ./_CodeSignature/CodeResources ... 
2026-02-24 18:04:12 +0000  9086 bytes for ./_CodeSignature/CodeResources
2026-02-24 18:04:12 +0000  copying file ./en.lproj/nlu.appintents/nlu.lzfse ... 
2026-02-24 18:04:12 +0000  14650 bytes for ./en.lproj/nlu.appintents/nlu.lzfse
2026-02-24 18:04:12 +0000  copying file ./en.lproj/nlu.appintents/d640cc79247700737765a80fd562b117.version ... 
2026-02-24 18:04:12 +0000  1 bytes for ./en.lproj/nlu.appintents/d640cc79247700737765a80fd562b117.version
2026-02-24 18:04:12 +0000  copying file ./en.lproj/AppIntentVocabulary.plist ... 
2026-02-24 18:04:12 +0000  489 bytes for ./en.lproj/AppIntentVocabulary.plist
2026-02-24 18:04:12 +0000  copying file ./ARCHITECTURE.md ... 
2026-02-24 18:04:12 +0000  70844 bytes for ./ARCHITECTURE.md
2026-02-24 18:04:12 +0000  copying file ./Metadata.appintents/version.json ... 
2026-02-24 18:04:12 +0000  52 bytes for ./Metadata.appintents/version.json
2026-02-24 18:04:12 +0000  copying file ./Metadata.appintents/extract.actionsdata ... 
2026-02-24 18:04:12 +0000  62920 bytes for ./Metadata.appintents/extract.actionsdata
2026-02-24 18:04:12 +0000  copying file ./PlugIns/VillainArcWidgetExtensionExtension.appex/_CodeSignature/CodeResources ... 
2026-02-24 18:04:12 +0000  2554 bytes for ./PlugIns/VillainArcWidgetExtensionExtension.appex/_CodeSignature/CodeResources
2026-02-24 18:04:12 +0000  copying file ./PlugIns/VillainArcWidgetExtensionExtension.appex/VillainArcWidgetExtensionExtension ... 
2026-02-24 18:04:12 +0000  681328 bytes for ./PlugIns/VillainArcWidgetExtensionExtension.appex/VillainArcWidgetExtensionExtension
2026-02-24 18:04:12 +0000  copying file ./PlugIns/VillainArcWidgetExtensionExtension.appex/Metadata.appintents/version.json ... 
2026-02-24 18:04:12 +0000  52 bytes for ./PlugIns/VillainArcWidgetExtensionExtension.appex/Metadata.appintents/version.json
2026-02-24 18:04:12 +0000  copying file ./PlugIns/VillainArcWidgetExtensionExtension.appex/Metadata.appintents/extract.actionsdata ... 
2026-02-24 18:04:12 +0000  9912 bytes for ./PlugIns/VillainArcWidgetExtensionExtension.appex/Metadata.appintents/extract.actionsdata
2026-02-24 18:04:12 +0000  copying file ./PlugIns/VillainArcWidgetExtensionExtension.appex/embedded.mobileprovision ... 
2026-02-24 18:04:12 +0000  16885 bytes for ./PlugIns/VillainArcWidgetExtensionExtension.appex/embedded.mobileprovision
2026-02-24 18:04:12 +0000  copying file ./PlugIns/VillainArcWidgetExtensionExtension.appex/Info.plist ... 
2026-02-24 18:04:12 +0000  952 bytes for ./PlugIns/VillainArcWidgetExtensionExtension.appex/Info.plist
2026-02-24 18:04:12 +0000  copying file ./PlugIns/VillainArcIntentsExtension.appex/_CodeSignature/CodeResources ... 
2026-02-24 18:04:12 +0000  2040 bytes for ./PlugIns/VillainArcIntentsExtension.appex/_CodeSignature/CodeResources
2026-02-24 18:04:12 +0000  copying file ./PlugIns/VillainArcIntentsExtension.appex/VillainArcIntentsExtension ... 
2026-02-24 18:04:12 +0000  88656 bytes for ./PlugIns/VillainArcIntentsExtension.appex/VillainArcIntentsExtension
2026-02-24 18:04:12 +0000  copying file ./PlugIns/VillainArcIntentsExtension.appex/embedded.mobileprovision ... 
2026-02-24 18:04:12 +0000  16892 bytes for ./PlugIns/VillainArcIntentsExtension.appex/embedded.mobileprovision
2026-02-24 18:04:12 +0000  copying file ./PlugIns/VillainArcIntentsExtension.appex/Info.plist ... 
2026-02-24 18:04:12 +0000  1160 bytes for ./PlugIns/VillainArcIntentsExtension.appex/Info.plist
2026-02-24 18:04:12 +0000  copying file ./AppIcon60x60@2x.png ... 
2026-02-24 18:04:12 +0000  2945 bytes for ./AppIcon60x60@2x.png
2026-02-24 18:04:12 +0000  copying file ./OutcomeResolutionLogic.md ... 
2026-02-24 18:04:12 +0000  4132 bytes for ./OutcomeResolutionLogic.md
2026-02-24 18:04:12 +0000  copying file ./FoundationModelsIntegration.md ... 
2026-02-24 18:04:12 +0000  3396 bytes for ./FoundationModelsIntegration.md
2026-02-24 18:04:12 +0000  copying file ./PlanSuggestionLogic.md ... 
2026-02-24 18:04:12 +0000  9950 bytes for ./PlanSuggestionLogic.md
2026-02-24 18:04:12 +0000  copying file ./Assets.car ... 
2026-02-24 18:04:12 +0000  46856 bytes for ./Assets.car
2026-02-24 18:04:12 +0000  copying file ./AppIcon76x76@2x~ipad.png ... 
2026-02-24 18:04:12 +0000  3570 bytes for ./AppIcon76x76@2x~ipad.png
2026-02-24 18:04:12 +0000  copying file ./PrivacyInfo.xcprivacy ... 
2026-02-24 18:04:12 +0000  501 bytes for ./PrivacyInfo.xcprivacy
2026-02-24 18:04:12 +0000  copying file ./VillainArc ... 
2026-02-24 18:04:12 +0000  3591920 bytes for ./VillainArc
2026-02-24 18:04:12 +0000  copying file ./embedded.mobileprovision ... 
16703 bytes for ./embedded.mobileprovision
copying file ./Info.plist ... 
2026-02-24 18:04:12 +0000  1859 bytes for ./Info.plist
2026-02-24 18:04:12 +0000  copying file ./AI_USAGE.md ... 
2026-02-24 18:04:12 +0000  2116 bytes for ./AI_USAGE.md
2026-02-24 18:04:12 +0000  copying file ./PkgInfo ... 
2026-02-24 18:04:12 +0000  8 bytes for ./PkgInfo
2026-02-24 18:04:12 +0000 [MT] /usr/bin/ditto exited with 0
2026-02-24 18:04:12 +0000 [MT] Processing step: IDEDistributionEmbedProfileStep
2026-02-24 18:04:12 +0000 [MT] Processing step: IDEDistributionInfoPlistStep
2026-02-24 18:04:12 +0000 [MT] Skipping setting DTXcodeBuildDistribution because toolsBuildVersionName was nil.
2026-02-24 18:04:12 +0000 [MT] Skipping setting DTXcodeBuildDistribution because toolsBuildVersionName was nil.
2026-02-24 18:04:12 +0000 [MT] Skipping setting DTXcodeBuildDistribution because toolsBuildVersionName was nil.
2026-02-24 18:04:12 +0000 [MT] Processing step: IDEDistributionItemRemovalStep
2026-02-24 18:04:12 +0000 [MT] Processing step: IDEDistributionAppThinningPlistStep
2026-02-24 18:04:12 +0000 [MT] Skipping step: IDEDistributionAppThinningPlistStep because it said so
2026-02-24 18:04:12 +0000 [MT] Processing step: IDEDistributionSymbolsStep
2026-02-24 18:04:12 +0000 [MT] Writing /var/folders/r_/gcykv35n2dzchjwfbpgg3b_40000gn/T/XcodeDistPipeline.~~~VFLtrP/Symbols/271ED07C-DF68-3FC8-AF31-3A9EE0149D7D.symbols
2026-02-24 18:04:12 +0000 [MT] Writing /var/folders/r_/gcykv35n2dzchjwfbpgg3b_40000gn/T/XcodeDistPipeline.~~~VFLtrP/Symbols/55A1ABBD-E666-34AC-8DFD-E2898E93C7DD.symbols
2026-02-24 18:04:12 +0000 [MT] Writing /var/folders/r_/gcykv35n2dzchjwfbpgg3b_40000gn/T/XcodeDistPipeline.~~~VFLtrP/Symbols/CCB1C092-5FEE-322C-9854-18F029B42ED7.symbols
2026-02-24 18:04:12 +0000 [MT] Processing step: IDEDistributionCopyAppleProvidedContentStep
2026-02-24 18:04:12 +0000 [MT] Processing step: IDEDistributionAppThinningStep
2026-02-24 18:04:12 +0000 [MT] Skipping step: IDEDistributionAppThinningStep because it said so
2026-02-24 18:04:12 +0000 [MT] Processing step: IDEDistributionArchThinningStep
2026-02-24 18:04:12 +0000 [MT] Archs to thin for item /Users/fcttechnologies/Projects/VillainArc/build/VillainArc.xcarchive/Products/Applications/VillainArc.app/PlugIns/VillainArcIntentsExtension.appex are []
2026-02-24 18:04:12 +0000 [MT] Archs to thin for item /Users/fcttechnologies/Projects/VillainArc/build/VillainArc.xcarchive/Products/Applications/VillainArc.app/PlugIns/VillainArcWidgetExtensionExtension.appex are []
2026-02-24 18:04:12 +0000 [MT] Archs to thin for item /Users/fcttechnologies/Projects/VillainArc/build/VillainArc.xcarchive/Products/Applications/VillainArc.app are []
2026-02-24 18:04:12 +0000 [MT] Processing step: IDEDistributionODRStep
2026-02-24 18:04:12 +0000 [MT] Processing step: IDEDistributionStripXattrsStep
2026-02-24 18:04:12 +0000 [MT] Skipping stripping extended attributes because the codesign step will strip them.
2026-02-24 18:04:12 +0000 [MT] Skipping stripping extended attributes because the codesign step will strip them.
2026-02-24 18:04:12 +0000 [MT] Skipping stripping extended attributes because the codesign step will strip them.
2026-02-24 18:04:12 +0000 [MT] Processing step: IDEDistributionCodesignStep
2026-02-24 18:04:12 +0000 [MT] Entitlements for <IDEDistributionItem: 0x90e3dea60; bundleID='com.fcttechnologies.VillainArc.VillainArcIntentsExtension', path='<DVTFilePath:0x90f6bd300:'/Users/fcttechnologies/Projects/VillainArc/build/VillainArc.xcarchive/Products/Applications/VillainArc.app/PlugIns/VillainArcIntentsExtension.appex'>', codeSigningInfo='<_DVTCodeSigningInformation_Path: 0x90e3deac0; isSigned='1', isAdHocSigned='0', signingCertificate='<DVTSigningCertificate: 0x90f5d6580; name='Apple Development: Fernando Caudillo Tafoya (2UCRBU5MSV)', hash='ADA636DCFB1F4B29C2F4F0947C483C4CB425A92D', serialNumber='1D0041278A1B50C20016CA92C4C5B34C', certificateKinds='(
    "1.2.840.113635.100.6.1.12",
    "1.2.840.113635.100.6.1.2"
), issueDate='2026-02-16 20:22:09 +0000''>', entitlements='{
    "application-identifier" = "X26SC78YDG.com.fcttechnologies.VillainArc.VillainArcIntentsExtension";
    "aps-environment" = development;
    "com.apple.developer.icloud-container-identifiers" =     (
        "iCloud.com.fcttechnologies.VillainArc.cont"
    );
    "com.apple.developer.icloud-services" =     (
        CloudKit
    );
    "com.apple.developer.team-identifier" = X26SC78YDG;
    "com.apple.security.application-groups" =     (
        "group.com.fcttechnologies.VillainArc.cont"
    );
    "get-task-allow" = 1;
}', teamID='X26SC78YDG', identifier='com.fcttechnologies.VillainArc.VillainArcIntentsExtension', executablePath='<DVTFilePath:0x90f6b51f0:'/Users/fcttechnologies/Projects/VillainArc/build/VillainArc.xcarchive/Products/Applications/VillainArc.app/PlugIns/VillainArcIntentsExtension.appex/VillainArcIntentsExtension'>', hardenedRuntime='0'>'>: {
    "application-identifier" = "X26SC78YDG.com.fcttechnologies.VillainArc.VillainArcIntentsExtension";
    "aps-environment" = production;
    "beta-reports-active" = 1;
    "com.apple.developer.icloud-container-environment" = Production;
    "com.apple.developer.icloud-container-identifiers" =     (
        "iCloud.com.fcttechnologies.VillainArc.cont"
    );
    "com.apple.developer.icloud-services" =     (
        CloudKit
    );
    "com.apple.developer.team-identifier" = X26SC78YDG;
    "com.apple.security.application-groups" =     (
        "group.com.fcttechnologies.VillainArc.cont"
    );
    "get-task-allow" = 0;
}
2026-02-24 18:04:12 +0000 [MT] Associated App Clip Identifiers Filter: Skipping because "com.apple.developer.associated-appclip-app-identifiers" is not present
2026-02-24 18:04:12 +0000 [MT] Entitlements for <IDEDistributionItem: 0x90e3dea60; bundleID='com.fcttechnologies.VillainArc.VillainArcIntentsExtension', path='<DVTFilePath:0x90f6bd300:'/Users/fcttechnologies/Projects/VillainArc/build/VillainArc.xcarchive/Products/Applications/VillainArc.app/PlugIns/VillainArcIntentsExtension.appex'>', codeSigningInfo='<_DVTCodeSigningInformation_Path: 0x90e3deac0; isSigned='1', isAdHocSigned='0', signingCertificate='<DVTSigningCertificate: 0x90f5d7900; name='Apple Development: Fernando Caudillo Tafoya (2UCRBU5MSV)', hash='ADA636DCFB1F4B29C2F4F0947C483C4CB425A92D', serialNumber='1D0041278A1B50C20016CA92C4C5B34C', certificateKinds='(
    "1.2.840.113635.100.6.1.12",
    "1.2.840.113635.100.6.1.2"
), issueDate='2026-02-16 20:22:09 +0000''>', entitlements='{
    "application-identifier" = "X26SC78YDG.com.fcttechnologies.VillainArc.VillainArcIntentsExtension";
    "aps-environment" = development;
    "com.apple.developer.icloud-container-identifiers" =     (
        "iCloud.com.fcttechnologies.VillainArc.cont"
    );
    "com.apple.developer.icloud-services" =     (
        CloudKit
    );
    "com.apple.developer.team-identifier" = X26SC78YDG;
    "com.apple.security.application-groups" =     (
        "group.com.fcttechnologies.VillainArc.cont"
    );
    "get-task-allow" = 1;
}', teamID='X26SC78YDG', identifier='com.fcttechnologies.VillainArc.VillainArcIntentsExtension', executablePath='<DVTFilePath:0x90f6b51f0:'/Users/fcttechnologies/Projects/VillainArc/build/VillainArc.xcarchive/Products/Applications/VillainArc.app/PlugIns/VillainArcIntentsExtension.appex/VillainArcIntentsExtension'>', hardenedRuntime='0'>'> are: {
    "application-identifier" = "X26SC78YDG.com.fcttechnologies.VillainArc.VillainArcIntentsExtension";
    "aps-environment" = production;
    "beta-reports-active" = 1;
    "com.apple.developer.icloud-container-environment" = Production;
    "com.apple.developer.icloud-container-identifiers" =     (
        "iCloud.com.fcttechnologies.VillainArc.cont"
    );
    "com.apple.developer.icloud-services" =     (
        CloudKit
    );
    "com.apple.developer.team-identifier" = X26SC78YDG;
    "com.apple.security.application-groups" =     (
        "group.com.fcttechnologies.VillainArc.cont"
    );
    "get-task-allow" = 0;
}
2026-02-24 18:04:12 +0000 [MT] Writing entitlements for <IDEDistributionItem: 0x90e3dea60; bundleID='com.fcttechnologies.VillainArc.VillainArcIntentsExtension', path='<DVTFilePath:0x90f6bd300:'/Users/fcttechnologies/Projects/VillainArc/build/VillainArc.xcarchive/Products/Applications/VillainArc.app/PlugIns/VillainArcIntentsExtension.appex'>', codeSigningInfo='<_DVTCodeSigningInformation_Path: 0x90e3deac0; isSigned='1', isAdHocSigned='0', signingCertificate='<DVTSigningCertificate: 0x90f5d7900; name='Apple Development: Fernando Caudillo Tafoya (2UCRBU5MSV)', hash='ADA636DCFB1F4B29C2F4F0947C483C4CB425A92D', serialNumber='1D0041278A1B50C20016CA92C4C5B34C', certificateKinds='(
    "1.2.840.113635.100.6.1.12",
    "1.2.840.113635.100.6.1.2"
), issueDate='2026-02-16 20:22:09 +0000''>', entitlements='{
    "application-identifier" = "X26SC78YDG.com.fcttechnologies.VillainArc.VillainArcIntentsExtension";
    "aps-environment" = development;
    "com.apple.developer.icloud-container-identifiers" =     (
        "iCloud.com.fcttechnologies.VillainArc.cont"
    );
    "com.apple.developer.icloud-services" =     (
        CloudKit
    );
    "com.apple.developer.team-identifier" = X26SC78YDG;
    "com.apple.security.application-groups" =     (
        "group.com.fcttechnologies.VillainArc.cont"
    );
    "get-task-allow" = 1;
}', teamID='X26SC78YDG', identifier='com.fcttechnologies.VillainArc.VillainArcIntentsExtension', executablePath='<DVTFilePath:0x90f6b51f0:'/Users/fcttechnologies/Projects/VillainArc/build/VillainArc.xcarchive/Products/Applications/VillainArc.app/PlugIns/VillainArcIntentsExtension.appex/VillainArcIntentsExtension'>', hardenedRuntime='0'>'> to: /var/folders/r_/gcykv35n2dzchjwfbpgg3b_40000gn/T/XcodeDistPipeline.~~~VFLtrP/entitlements~~~abUwsW
2026-02-24 18:04:12 +0000 [MT] invoking codesign: <NSConcreteTask: 0x90d091a40; launchPath='/usr/bin/codesign', arguments='(
    "-f",
    "-s",
    2B3AD82A16A89F66AA1826A5B93560D7DB7392EF,
    "--entitlements",
    "/var/folders/r_/gcykv35n2dzchjwfbpgg3b_40000gn/T/XcodeDistPipeline.~~~VFLtrP/entitlements~~~abUwsW",
    "--preserve-metadata=identifier,flags,runtime,launch-constraints,library-constraints",
    "--generate-entitlement-der",
    "--strip-disallowed-xattrs",
    "-vvv",
    "/var/folders/r_/gcykv35n2dzchjwfbpgg3b_40000gn/T/XcodeDistPipeline.~~~VFLtrP/Root/Payload/VillainArc.app/PlugIns/VillainArcIntentsExtension.appex"
)'>
2026-02-24 18:04:12 +0000 [MT] codesign output: /var/folders/r_/gcykv35n2dzchjwfbpgg3b_40000gn/T/XcodeDistPipeline.~~~VFLtrP/Root/Payload/VillainArc.app/PlugIns/VillainArcIntentsExtension.appex: replacing existing signature
/var/folders/r_/gcykv35n2dzchjwfbpgg3b_40000gn/T/XcodeDistPipeline.~~~VFLtrP/Root/Payload/VillainArc.app/PlugIns/VillainArcIntentsExtension.appex: signed bundle with Mach-O thin (arm64) [com.fcttechnologies.VillainArc.VillainArcIntentsExtension]
2026-02-24 18:04:12 +0000 [MT] Entitlements for <IDEDistributionItem: 0x90e3dea00; bundleID='com.fcttechnologies.VillainArc.VillainArcWidgetExtension', path='<DVTFilePath:0x90f6bee00:'/Users/fcttechnologies/Projects/VillainArc/build/VillainArc.xcarchive/Products/Applications/VillainArc.app/PlugIns/VillainArcWidgetExtensionExtension.appex'>', codeSigningInfo='<_DVTCodeSigningInformation_Path: 0x90e3de9a0; isSigned='1', isAdHocSigned='0', signingCertificate='<DVTSigningCertificate: 0x90f5d6580; name='Apple Development: Fernando Caudillo Tafoya (2UCRBU5MSV)', hash='ADA636DCFB1F4B29C2F4F0947C483C4CB425A92D', serialNumber='1D0041278A1B50C20016CA92C4C5B34C', certificateKinds='(
    "1.2.840.113635.100.6.1.12",
    "1.2.840.113635.100.6.1.2"
), issueDate='2026-02-16 20:22:09 +0000''>', entitlements='{
    "application-identifier" = "X26SC78YDG.com.fcttechnologies.VillainArc.VillainArcWidgetExtension";
    "aps-environment" = development;
    "com.apple.developer.icloud-container-identifiers" =     (
        "iCloud.com.fcttechnologies.VillainArc.cont"
    );
    "com.apple.developer.icloud-services" =     (
        CloudKit
    );
    "com.apple.developer.team-identifier" = X26SC78YDG;
    "com.apple.security.application-groups" =     (
        "group.com.fcttechnologies.VillainArc.cont"
    );
    "get-task-allow" = 1;
}', teamID='X26SC78YDG', identifier='com.fcttechnologies.VillainArc.VillainArcWidgetExtension', executablePath='<DVTFilePath:0x90f6bd700:'/Users/fcttechnologies/Projects/VillainArc/build/VillainArc.xcarchive/Products/Applications/VillainArc.app/PlugIns/VillainArcWidgetExtensionExtension.appex/VillainArcWidgetExtensionExtension'>', hardenedRuntime='0'>'>: {
    "application-identifier" = "X26SC78YDG.com.fcttechnologies.VillainArc.VillainArcWidgetExtension";
    "aps-environment" = production;
    "beta-reports-active" = 1;
    "com.apple.developer.icloud-container-environment" = Production;
    "com.apple.developer.icloud-container-identifiers" =     (
        "iCloud.com.fcttechnologies.VillainArc.cont"
    );
    "com.apple.developer.icloud-services" =     (
        CloudKit
    );
    "com.apple.developer.team-identifier" = X26SC78YDG;
    "com.apple.security.application-groups" =     (
        "group.com.fcttechnologies.VillainArc.cont"
    );
    "get-task-allow" = 0;
}
2026-02-24 18:04:12 +0000 [MT] Associated App Clip Identifiers Filter: Skipping because "com.apple.developer.associated-appclip-app-identifiers" is not present
2026-02-24 18:04:12 +0000 [MT] Entitlements for <IDEDistributionItem: 0x90e3dea00; bundleID='com.fcttechnologies.VillainArc.VillainArcWidgetExtension', path='<DVTFilePath:0x90f6bee00:'/Users/fcttechnologies/Projects/VillainArc/build/VillainArc.xcarchive/Products/Applications/VillainArc.app/PlugIns/VillainArcWidgetExtensionExtension.appex'>', codeSigningInfo='<_DVTCodeSigningInformation_Path: 0x90e3de9a0; isSigned='1', isAdHocSigned='0', signingCertificate='<DVTSigningCertificate: 0x90f5d7900; name='Apple Development: Fernando Caudillo Tafoya (2UCRBU5MSV)', hash='ADA636DCFB1F4B29C2F4F0947C483C4CB425A92D', serialNumber='1D0041278A1B50C20016CA92C4C5B34C', certificateKinds='(
    "1.2.840.113635.100.6.1.12",
    "1.2.840.113635.100.6.1.2"
), issueDate='2026-02-16 20:22:09 +0000''>', entitlements='{
    "application-identifier" = "X26SC78YDG.com.fcttechnologies.VillainArc.VillainArcWidgetExtension";
    "aps-environment" = development;
    "com.apple.developer.icloud-container-identifiers" =     (
        "iCloud.com.fcttechnologies.VillainArc.cont"
    );
    "com.apple.developer.icloud-services" =     (
        CloudKit
    );
    "com.apple.developer.team-identifier" = X26SC78YDG;
    "com.apple.security.application-groups" =     (
        "group.com.fcttechnologies.VillainArc.cont"
    );
    "get-task-allow" = 1;
}', teamID='X26SC78YDG', identifier='com.fcttechnologies.VillainArc.VillainArcWidgetExtension', executablePath='<DVTFilePath:0x90f6bd700:'/Users/fcttechnologies/Projects/VillainArc/build/VillainArc.xcarchive/Products/Applications/VillainArc.app/PlugIns/VillainArcWidgetExtensionExtension.appex/VillainArcWidgetExtensionExtension'>', hardenedRuntime='0'>'> are: {
    "application-identifier" = "X26SC78YDG.com.fcttechnologies.VillainArc.VillainArcWidgetExtension";
    "aps-environment" = production;
    "beta-reports-active" = 1;
    "com.apple.developer.icloud-container-environment" = Production;
    "com.apple.developer.icloud-container-identifiers" =     (
        "iCloud.com.fcttechnologies.VillainArc.cont"
    );
    "com.apple.developer.icloud-services" =     (
        CloudKit
    );
    "com.apple.developer.team-identifier" = X26SC78YDG;
    "com.apple.security.application-groups" =     (
        "group.com.fcttechnologies.VillainArc.cont"
    );
    "get-task-allow" = 0;
}
2026-02-24 18:04:12 +0000 [MT] Writing entitlements for <IDEDistributionItem: 0x90e3dea00; bundleID='com.fcttechnologies.VillainArc.VillainArcWidgetExtension', path='<DVTFilePath:0x90f6bee00:'/Users/fcttechnologies/Projects/VillainArc/build/VillainArc.xcarchive/Products/Applications/VillainArc.app/PlugIns/VillainArcWidgetExtensionExtension.appex'>', codeSigningInfo='<_DVTCodeSigningInformation_Path: 0x90e3de9a0; isSigned='1', isAdHocSigned='0', signingCertificate='<DVTSigningCertificate: 0x90f5d7900; name='Apple Development: Fernando Caudillo Tafoya (2UCRBU5MSV)', hash='ADA636DCFB1F4B29C2F4F0947C483C4CB425A92D', serialNumber='1D0041278A1B50C20016CA92C4C5B34C', certificateKinds='(
    "1.2.840.113635.100.6.1.12",
    "1.2.840.113635.100.6.1.2"
), issueDate='2026-02-16 20:22:09 +0000''>', entitlements='{
    "application-identifier" = "X26SC78YDG.com.fcttechnologies.VillainArc.VillainArcWidgetExtension";
    "aps-environment" = development;
    "com.apple.developer.icloud-container-identifiers" =     (
        "iCloud.com.fcttechnologies.VillainArc.cont"
    );
    "com.apple.developer.icloud-services" =     (
        CloudKit
    );
    "com.apple.developer.team-identifier" = X26SC78YDG;
    "com.apple.security.application-groups" =     (
        "group.com.fcttechnologies.VillainArc.cont"
    );
    "get-task-allow" = 1;
}', teamID='X26SC78YDG', identifier='com.fcttechnologies.VillainArc.VillainArcWidgetExtension', executablePath='<DVTFilePath:0x90f6bd700:'/Users/fcttechnologies/Projects/VillainArc/build/VillainArc.xcarchive/Products/Applications/VillainArc.app/PlugIns/VillainArcWidgetExtensionExtension.appex/VillainArcWidgetExtensionExtension'>', hardenedRuntime='0'>'> to: /var/folders/r_/gcykv35n2dzchjwfbpgg3b_40000gn/T/XcodeDistPipeline.~~~VFLtrP/entitlements~~~X9FyOw
2026-02-24 18:04:12 +0000 [MT] invoking codesign: <NSConcreteTask: 0x90ed04050; launchPath='/usr/bin/codesign', arguments='(
    "-f",
    "-s",
    2B3AD82A16A89F66AA1826A5B93560D7DB7392EF,
    "--entitlements",
    "/var/folders/r_/gcykv35n2dzchjwfbpgg3b_40000gn/T/XcodeDistPipeline.~~~VFLtrP/entitlements~~~X9FyOw",
    "--preserve-metadata=identifier,flags,runtime,launch-constraints,library-constraints",
    "--generate-entitlement-der",
    "--strip-disallowed-xattrs",
    "-vvv",
    "/var/folders/r_/gcykv35n2dzchjwfbpgg3b_40000gn/T/XcodeDistPipeline.~~~VFLtrP/Root/Payload/VillainArc.app/PlugIns/VillainArcWidgetExtensionExtension.appex"
)'>
2026-02-24 18:04:12 +0000 [MT] codesign output: /var/folders/r_/gcykv35n2dzchjwfbpgg3b_40000gn/T/XcodeDistPipeline.~~~VFLtrP/Root/Payload/VillainArc.app/PlugIns/VillainArcWidgetExtensionExtension.appex: replacing existing signature
/var/folders/r_/gcykv35n2dzchjwfbpgg3b_40000gn/T/XcodeDistPipeline.~~~VFLtrP/Root/Payload/VillainArc.app/PlugIns/VillainArcWidgetExtensionExtension.appex: signed bundle with Mach-O thin (arm64) [com.fcttechnologies.VillainArc.VillainArcWidgetExtension]
2026-02-24 18:04:12 +0000 [MT] Entitlements for <IDEDistributionItem: 0x90e3deb20; bundleID='com.fcttechnologies.VillainArc', path='<DVTFilePath:0x90e357b40:'/Users/fcttechnologies/Projects/VillainArc/build/VillainArc.xcarchive/Products/Applications/VillainArc.app'>', codeSigningInfo='<_DVTCodeSigningInformation_Path: 0x90e3deb80; isSigned='1', isAdHocSigned='0', signingCertificate='<DVTSigningCertificate: 0x90f5d6580; name='Apple Development: Fernando Caudillo Tafoya (2UCRBU5MSV)', hash='ADA636DCFB1F4B29C2F4F0947C483C4CB425A92D', serialNumber='1D0041278A1B50C20016CA92C4C5B34C', certificateKinds='(
    "1.2.840.113635.100.6.1.12",
    "1.2.840.113635.100.6.1.2"
), issueDate='2026-02-16 20:22:09 +0000''>', entitlements='{
    "application-identifier" = "X26SC78YDG.com.fcttechnologies.VillainArc";
    "aps-environment" = development;
    "com.apple.developer.icloud-container-identifiers" =     (
        "iCloud.com.fcttechnologies.VillainArc.cont"
    );
    "com.apple.developer.icloud-services" =     (
        CloudKit
    );
    "com.apple.developer.team-identifier" = X26SC78YDG;
    "com.apple.security.application-groups" =     (
        "group.com.fcttechnologies.VillainArc.cont"
    );
    "get-task-allow" = 1;
}', teamID='X26SC78YDG', identifier='com.fcttechnologies.VillainArc', executablePath='<DVTFilePath:0x90e3de4c0:'/Users/fcttechnologies/Projects/VillainArc/build/VillainArc.xcarchive/Products/Applications/VillainArc.app/VillainArc'>', hardenedRuntime='0'>'>: {
    "application-identifier" = "X26SC78YDG.com.fcttechnologies.VillainArc";
    "aps-environment" = production;
    "beta-reports-active" = 1;
    "com.apple.developer.icloud-container-environment" = Production;
    "com.apple.developer.icloud-container-identifiers" =     (
        "iCloud.com.fcttechnologies.VillainArc.cont"
    );
    "com.apple.developer.icloud-services" =     (
        CloudKit
    );
    "com.apple.developer.team-identifier" = X26SC78YDG;
    "com.apple.security.application-groups" =     (
        "group.com.fcttechnologies.VillainArc.cont"
    );
    "get-task-allow" = 0;
}
2026-02-24 18:04:12 +0000 [MT] Associated App Clip Identifiers Filter: Skipping because "com.apple.developer.associated-appclip-app-identifiers" is not present
2026-02-24 18:04:12 +0000 [MT] Entitlements for <IDEDistributionItem: 0x90e3deb20; bundleID='com.fcttechnologies.VillainArc', path='<DVTFilePath:0x90e357b40:'/Users/fcttechnologies/Projects/VillainArc/build/VillainArc.xcarchive/Products/Applications/VillainArc.app'>', codeSigningInfo='<_DVTCodeSigningInformation_Path: 0x90e3deb80; isSigned='1', isAdHocSigned='0', signingCertificate='<DVTSigningCertificate: 0x90f5d7900; name='Apple Development: Fernando Caudillo Tafoya (2UCRBU5MSV)', hash='ADA636DCFB1F4B29C2F4F0947C483C4CB425A92D', serialNumber='1D0041278A1B50C20016CA92C4C5B34C', certificateKinds='(
    "1.2.840.113635.100.6.1.12",
    "1.2.840.113635.100.6.1.2"
), issueDate='2026-02-16 20:22:09 +0000''>', entitlements='{
    "application-identifier" = "X26SC78YDG.com.fcttechnologies.VillainArc";
    "aps-environment" = development;
    "com.apple.developer.icloud-container-identifiers" =     (
        "iCloud.com.fcttechnologies.VillainArc.cont"
    );
    "com.apple.developer.icloud-services" =     (
        CloudKit
    );
    "com.apple.developer.team-identifier" = X26SC78YDG;
    "com.apple.security.application-groups" =     (
        "group.com.fcttechnologies.VillainArc.cont"
    );
    "get-task-allow" = 1;
}', teamID='X26SC78YDG', identifier='com.fcttechnologies.VillainArc', executablePath='<DVTFilePath:0x90e3de4c0:'/Users/fcttechnologies/Projects/VillainArc/build/VillainArc.xcarchive/Products/Applications/VillainArc.app/VillainArc'>', hardenedRuntime='0'>'> are: {
    "application-identifier" = "X26SC78YDG.com.fcttechnologies.VillainArc";
    "aps-environment" = production;
    "beta-reports-active" = 1;
    "com.apple.developer.icloud-container-environment" = Production;
    "com.apple.developer.icloud-container-identifiers" =     (
        "iCloud.com.fcttechnologies.VillainArc.cont"
    );
    "com.apple.developer.icloud-services" =     (
        CloudKit
    );
    "com.apple.developer.team-identifier" = X26SC78YDG;
    "com.apple.security.application-groups" =     (
        "group.com.fcttechnologies.VillainArc.cont"
    );
    "get-task-allow" = 0;
}
2026-02-24 18:04:12 +0000 [MT] Writing entitlements for <IDEDistributionItem: 0x90e3deb20; bundleID='com.fcttechnologies.VillainArc', path='<DVTFilePath:0x90e357b40:'/Users/fcttechnologies/Projects/VillainArc/build/VillainArc.xcarchive/Products/Applications/VillainArc.app'>', codeSigningInfo='<_DVTCodeSigningInformation_Path: 0x90e3deb80; isSigned='1', isAdHocSigned='0', signingCertificate='<DVTSigningCertificate: 0x90f5d7900; name='Apple Development: Fernando Caudillo Tafoya (2UCRBU5MSV)', hash='ADA636DCFB1F4B29C2F4F0947C483C4CB425A92D', serialNumber='1D0041278A1B50C20016CA92C4C5B34C', certificateKinds='(
    "1.2.840.113635.100.6.1.12",
    "1.2.840.113635.100.6.1.2"
), issueDate='2026-02-16 20:22:09 +0000''>', entitlements='{
    "application-identifier" = "X26SC78YDG.com.fcttechnologies.VillainArc";
    "aps-environment" = development;
    "com.apple.developer.icloud-container-identifiers" =     (
        "iCloud.com.fcttechnologies.VillainArc.cont"
    );
    "com.apple.developer.icloud-services" =     (
        CloudKit
    );
    "com.apple.developer.team-identifier" = X26SC78YDG;
    "com.apple.security.application-groups" =     (
        "group.com.fcttechnologies.VillainArc.cont"
    );
    "get-task-allow" = 1;
}', teamID='X26SC78YDG', identifier='com.fcttechnologies.VillainArc', executablePath='<DVTFilePath:0x90e3de4c0:'/Users/fcttechnologies/Projects/VillainArc/build/VillainArc.xcarchive/Products/Applications/VillainArc.app/VillainArc'>', hardenedRuntime='0'>'> to: /var/folders/r_/gcykv35n2dzchjwfbpgg3b_40000gn/T/XcodeDistPipeline.~~~VFLtrP/entitlements~~~OPZwCW
2026-02-24 18:04:12 +0000 [MT] invoking codesign: <NSConcreteTask: 0x90d091a40; launchPath='/usr/bin/codesign', arguments='(
    "-f",
    "-s",
    2B3AD82A16A89F66AA1826A5B93560D7DB7392EF,
    "--entitlements",
    "/var/folders/r_/gcykv35n2dzchjwfbpgg3b_40000gn/T/XcodeDistPipeline.~~~VFLtrP/entitlements~~~OPZwCW",
    "--preserve-metadata=identifier,flags,runtime,launch-constraints,library-constraints",
    "--generate-entitlement-der",
    "--strip-disallowed-xattrs",
    "-vvv",
    "/var/folders/r_/gcykv35n2dzchjwfbpgg3b_40000gn/T/XcodeDistPipeline.~~~VFLtrP/Root/Payload/VillainArc.app"
)'>
2026-02-24 18:04:12 +0000 [MT] codesign output: /var/folders/r_/gcykv35n2dzchjwfbpgg3b_40000gn/T/XcodeDistPipeline.~~~VFLtrP/Root/Payload/VillainArc.app: replacing existing signature
/var/folders/r_/gcykv35n2dzchjwfbpgg3b_40000gn/T/XcodeDistPipeline.~~~VFLtrP/Root/Payload/VillainArc.app: signed app bundle with Mach-O thin (arm64) [com.fcttechnologies.VillainArc]
2026-02-24 18:04:12 +0000 [MT] Processing step: IDEDistributionZipODRItemStep
2026-02-24 18:04:12 +0000 [MT] Skipping step: IDEDistributionZipODRItemStep because it said so
2026-02-24 18:04:12 +0000 [MT] Skipping step: IDEDistributionZipODRItemStep because it said so
2026-02-24 18:04:12 +0000 [MT] Skipping step: IDEDistributionZipODRItemStep because it said so
2026-02-24 18:04:12 +0000 [MT] Processing step: IDEDistributionCreateIPAStep
2026-02-24 18:04:12 +0000 [MT] Running /usr/bin/rsync '-8aPhhE' '/var/folders/r_/gcykv35n2dzchjwfbpgg3b_40000gn/T/XcodeDistPipeline.~~~VFLtrP/Symbols' '--link-dest' '/var/folders/r_/gcykv35n2dzchjwfbpgg3b_40000gn/T/XcodeDistPipeline.~~~VFLtrP' '/var/folders/r_/gcykv35n2dzchjwfbpgg3b_40000gn/T/XcodeDistPipeline.~~~VFLtrP/Root'
2026-02-24 18:04:12 +0000  Symbols/
Symbols/271ED07C-DF68-3FC8-AF31-3A9EE0149D7D.symbols
Symbols/55A1ABBD-E666-34AC-8DFD-E2898E93C7DD.symbols
Symbols/CCB1C092-5FEE-322C-9854-18F029B42ED7.symbols
2026-02-24 18:04:12 +0000 [MT] /usr/bin/rsync exited with 0
2026-02-24 18:04:12 +0000 [MT] Running /usr/bin/ditto '-V' '-c' '-k' '--norsrc' '/var/folders/r_/gcykv35n2dzchjwfbpgg3b_40000gn/T/XcodeDistPipeline.~~~VFLtrP/Root' '/var/folders/r_/gcykv35n2dzchjwfbpgg3b_40000gn/T/XcodeDistPipeline.~~~VFLtrP/Packages/VillainArc.ipa'
2026-02-24 18:04:12 +0000  >>> Copying /var/folders/r_/gcykv35n2dzchjwfbpgg3b_40000gn/T/XcodeDistPipeline.~~~VFLtrP/Root 
2026-02-24 18:04:12 +0000  copying file ./Payload/VillainArc.app/_CodeSignature/CodeResources ... 
2026-02-24 18:04:12 +0000  9086 bytes for ./Payload/VillainArc.app/_CodeSignature/CodeResources
2026-02-24 18:04:12 +0000  copying file ./Payload/VillainArc.app/en.lproj/nlu.appintents/nlu.lzfse ... 
2026-02-24 18:04:12 +0000  14650 bytes for ./Payload/VillainArc.app/en.lproj/nlu.appintents/nlu.lzfse
2026-02-24 18:04:12 +0000  copying file ./Payload/VillainArc.app/en.lproj/nlu.appintents/d640cc79247700737765a80fd562b117.version ... 
2026-02-24 18:04:12 +0000  1 bytes for ./Payload/VillainArc.app/en.lproj/nlu.appintents/d640cc79247700737765a80fd562b117.version
copying file ./Payload/VillainArc.app/en.lproj/AppIntentVocabulary.plist ... 
2026-02-24 18:04:12 +0000  489 bytes for ./Payload/VillainArc.app/en.lproj/AppIntentVocabulary.plist
copying file ./Payload/VillainArc.app/ARCHITECTURE.md ... 
2026-02-24 18:04:12 +0000  70844 bytes for ./Payload/VillainArc.app/ARCHITECTURE.md
2026-02-24 18:04:12 +0000  copying file ./Payload/VillainArc.app/Metadata.appintents/version.json ... 
2026-02-24 18:04:12 +0000  52 bytes for ./Payload/VillainArc.app/Metadata.appintents/version.json
2026-02-24 18:04:12 +0000  copying file ./Payload/VillainArc.app/Metadata.appintents/extract.actionsdata ... 
2026-02-24 18:04:12 +0000  62920 bytes for ./Payload/VillainArc.app/Metadata.appintents/extract.actionsdata
2026-02-24 18:04:12 +0000  copying file ./Payload/VillainArc.app/PlugIns/VillainArcWidgetExtensionExtension.appex/_CodeSignature/CodeResources ... 
2026-02-24 18:04:12 +0000  2554 bytes for ./Payload/VillainArc.app/PlugIns/VillainArcWidgetExtensionExtension.appex/_CodeSignature/CodeResources
2026-02-24 18:04:12 +0000  copying file ./Payload/VillainArc.app/PlugIns/VillainArcWidgetExtensionExtension.appex/VillainArcWidgetExtensionExtension ... 
2026-02-24 18:04:12 +0000  681552 bytes for ./Payload/VillainArc.app/PlugIns/VillainArcWidgetExtensionExtension.appex/VillainArcWidgetExtensionExtension
2026-02-24 18:04:12 +0000  copying file ./Payload/VillainArc.app/PlugIns/VillainArcWidgetExtensionExtension.appex/Metadata.appintents/version.json ... 
2026-02-24 18:04:12 +0000  52 bytes for ./Payload/VillainArc.app/PlugIns/VillainArcWidgetExtensionExtension.appex/Metadata.appintents/version.json
copying file ./Payload/VillainArc.app/PlugIns/VillainArcWidgetExtensionExtension.appex/Metadata.appintents/extract.actionsdata ... 
2026-02-24 18:04:12 +0000  9912 bytes for ./Payload/VillainArc.app/PlugIns/VillainArcWidgetExtensionExtension.appex/Metadata.appintents/extract.actionsdata
2026-02-24 18:04:12 +0000  copying file ./Payload/VillainArc.app/PlugIns/VillainArcWidgetExtensionExtension.appex/embedded.mobileprovision ... 
2026-02-24 18:04:12 +0000  14585 bytes for ./Payload/VillainArc.app/PlugIns/VillainArcWidgetExtensionExtension.appex/embedded.mobileprovision
2026-02-24 18:04:12 +0000  copying file ./Payload/VillainArc.app/PlugIns/VillainArcWidgetExtensionExtension.appex/Info.plist ... 
2026-02-24 18:04:12 +0000  952 bytes for ./Payload/VillainArc.app/PlugIns/VillainArcWidgetExtensionExtension.appex/Info.plist
2026-02-24 18:04:12 +0000  copying file ./Payload/VillainArc.app/PlugIns/VillainArcIntentsExtension.appex/_CodeSignature/CodeResources ... 
2026-02-24 18:04:12 +0000  2040 bytes for ./Payload/VillainArc.app/PlugIns/VillainArcIntentsExtension.appex/_CodeSignature/CodeResources
2026-02-24 18:04:12 +0000  copying file ./Payload/VillainArc.app/PlugIns/VillainArcIntentsExtension.appex/VillainArcIntentsExtension ... 
2026-02-24 18:04:12 +0000  88880 bytes for ./Payload/VillainArc.app/PlugIns/VillainArcIntentsExtension.appex/VillainArcIntentsExtension
2026-02-24 18:04:12 +0000  copying file ./Payload/VillainArc.app/PlugIns/VillainArcIntentsExtension.appex/embedded.mobileprovision ... 
2026-02-24 18:04:12 +0000  14592 bytes for ./Payload/VillainArc.app/PlugIns/VillainArcIntentsExtension.appex/embedded.mobileprovision
2026-02-24 18:04:12 +0000  copying file ./Payload/VillainArc.app/PlugIns/VillainArcIntentsExtension.appex/Info.plist ... 
2026-02-24 18:04:12 +0000  1160 bytes for ./Payload/VillainArc.app/PlugIns/VillainArcIntentsExtension.appex/Info.plist
copying file ./Payload/VillainArc.app/AppIcon60x60@2x.png ... 
2026-02-24 18:04:12 +0000  2945 bytes for ./Payload/VillainArc.app/AppIcon60x60@2x.png
2026-02-24 18:04:12 +0000  copying file ./Payload/VillainArc.app/OutcomeResolutionLogic.md ... 
2026-02-24 18:04:12 +0000  4132 bytes for ./Payload/VillainArc.app/OutcomeResolutionLogic.md
2026-02-24 18:04:12 +0000  copying file ./Payload/VillainArc.app/FoundationModelsIntegration.md ... 
2026-02-24 18:04:12 +0000  3396 bytes for ./Payload/VillainArc.app/FoundationModelsIntegration.md
2026-02-24 18:04:12 +0000  copying file ./Payload/VillainArc.app/PlanSuggestionLogic.md ... 
2026-02-24 18:04:12 +0000  9950 bytes for ./Payload/VillainArc.app/PlanSuggestionLogic.md
2026-02-24 18:04:12 +0000  copying file ./Payload/VillainArc.app/Assets.car ... 
2026-02-24 18:04:12 +0000  46856 bytes for ./Payload/VillainArc.app/Assets.car
2026-02-24 18:04:12 +0000  copying file ./Payload/VillainArc.app/AppIcon76x76@2x~ipad.png ... 
2026-02-24 18:04:12 +0000  3570 bytes for ./Payload/VillainArc.app/AppIcon76x76@2x~ipad.png
2026-02-24 18:04:12 +0000  copying file ./Payload/VillainArc.app/PrivacyInfo.xcprivacy ... 
2026-02-24 18:04:12 +0000  501 bytes for ./Payload/VillainArc.app/PrivacyInfo.xcprivacy
copying file ./Payload/VillainArc.app/VillainArc ... 
2026-02-24 18:04:13 +0000  3592128 bytes for ./Payload/VillainArc.app/VillainArc
2026-02-24 18:04:13 +0000  copying file ./Payload/VillainArc.app/embedded.mobileprovision ... 
14455 bytes for ./Payload/VillainArc.app/embedded.mobileprovision
copying file ./Payload/VillainArc.app/Info.plist ... 
2026-02-24 18:04:13 +0000  1859 bytes for ./Payload/VillainArc.app/Info.plist
copying file ./Payload/VillainArc.app/AI_USAGE.md ... 
2026-02-24 18:04:13 +0000  2116 bytes for ./Payload/VillainArc.app/AI_USAGE.md
copying file ./Payload/VillainArc.app/PkgInfo ... 
2026-02-24 18:04:13 +0000  8 bytes for ./Payload/VillainArc.app/PkgInfo
2026-02-24 18:04:13 +0000  copying file ./Symbols/CCB1C092-5FEE-322C-9854-18F029B42ED7.symbols ... 
2026-02-24 18:04:13 +0000  1625348 bytes for ./Symbols/CCB1C092-5FEE-322C-9854-18F029B42ED7.symbols
2026-02-24 18:04:13 +0000  copying file ./Symbols/55A1ABBD-E666-34AC-8DFD-E2898E93C7DD.symbols ... 
2026-02-24 18:04:13 +0000  16460 bytes for ./Symbols/55A1ABBD-E666-34AC-8DFD-E2898E93C7DD.symbols
2026-02-24 18:04:13 +0000  copying file ./Symbols/271ED07C-DF68-3FC8-AF31-3A9EE0149D7D.symbols ... 
2026-02-24 18:04:13 +0000  10324476 bytes for ./Symbols/271ED07C-DF68-3FC8-AF31-3A9EE0149D7D.symbols
2026-02-24 18:04:13 +0000 [MT] /usr/bin/ditto exited with 0
2026-02-24 18:04:13 +0000 [MT] Processing step: IDEDistributionAppStoreInformationStep
2026-02-24 18:04:13 +0000 [MT] Skipping step: IDEDistributionAppStoreInformationStep because it said so
2026-02-24 18:04:13 +0000 [MT] Processing step: IDEDistributionGenerateProcessedDistributionItems
2026-02-24 18:04:13 +0000 [MT] IDEDistributionItem init <DVTFilePath:0x90f69e400:'/var/folders/r_/gcykv35n2dzchjwfbpgg3b_40000gn/T/XcodeDistPipeline.~~~VFLtrP/Root/Payload/VillainArc.app/PlugIns/VillainArcIntentsExtension.appex'>
2026-02-24 18:04:13 +0000 [MT] IDEDistributionItem init <DVTFilePath:0x90f69c880:'/var/folders/r_/gcykv35n2dzchjwfbpgg3b_40000gn/T/XcodeDistPipeline.~~~VFLtrP/Root/Payload/VillainArc.app/PlugIns/VillainArcWidgetExtensionExtension.appex'>
2026-02-24 18:04:13 +0000 [MT] IDEDistributionItem init <DVTFilePath:0x90d5f5a40:'/var/folders/r_/gcykv35n2dzchjwfbpgg3b_40000gn/T/XcodeDistPipeline.~~~VFLtrP/Root/Payload/VillainArc.app'>
2026-02-24 18:04:13 +0000 [MT] Processing step: IDEDistributionCreateManifestStep
2026-02-24 18:04:13 +0000 [MT] Skipping step: IDEDistributionCreateManifestStep because it said so
